Started GET "/" for 127.0.0.1 at 2021-06-11 13:01:48 +0200
  
ActiveRecord::ConnectionNotEstablished (could not connect to server: No such file or directory
	Is the server running locally and accepting
	connections on Unix domain socket "/var/run/postgresql/.s.PGSQL.5432"?
):
  
activerecord (6.1.3.2) lib/active_record/connection_adapters/postgresql_adapter.rb:83:in `rescue in new_client'
activerecord (6.1.3.2) lib/active_record/connection_adapters/postgresql_adapter.rb:77:in `new_client'
activerecord (6.1.3.2) lib/active_record/connection_adapters/postgresql_adapter.rb:37:in `postgresql_connection'
activerecord (6.1.3.2) lib/active_record/connection_adapters/abstract/connection_pool.rb:882:in `public_send'
activerecord (6.1.3.2) lib/active_record/connection_adapters/abstract/connection_pool.rb:882:in `new_connection'
activerecord (6.1.3.2) lib/active_record/connection_adapters/abstract/connection_pool.rb:926:in `checkout_new_connection'
activerecord (6.1.3.2) lib/active_record/connection_adapters/abstract/connection_pool.rb:905:in `try_to_checkout_new_connection'
activerecord (6.1.3.2) lib/active_record/connection_adapters/abstract/connection_pool.rb:866:in `acquire_connection'
activerecord (6.1.3.2) lib/active_record/connection_adapters/abstract/connection_pool.rb:588:in `checkout'
activerecord (6.1.3.2) lib/active_record/connection_adapters/abstract/connection_pool.rb:428:in `connection'
activerecord (6.1.3.2) lib/active_record/connection_adapters/abstract/connection_pool.rb:1128:in `retrieve_connection'
activerecord (6.1.3.2) lib/active_record/connection_handling.rb:327:in `retrieve_connection'
activerecord (6.1.3.2) lib/active_record/connection_handling.rb:283:in `connection'
activerecord (6.1.3.2) lib/active_record/migration.rb:611:in `connection'
activerecord (6.1.3.2) lib/active_record/migration.rb:606:in `build_watcher'
activerecord (6.1.3.2) lib/active_record/migration.rb:588:in `block in call'
activerecord (6.1.3.2) lib/active_record/migration.rb:587:in `synchronize'
activerecord (6.1.3.2) lib/active_record/migration.rb:587:in `call'
actionpack (6.1.3.2) lib/action_dispatch/middleware/callbacks.rb:27:in `block in call'
activesupport (6.1.3.2) lib/active_support/callbacks.rb:98:in `run_callbacks'
actionpack (6.1.3.2) lib/action_dispatch/middleware/callbacks.rb:26:in `call'
actionpack (6.1.3.2) lib/action_dispatch/middleware/executor.rb:14:in `call'
actionpack (6.1.3.2) lib/action_dispatch/middleware/actionable_exceptions.rb:18:in `call'
actionpack (6.1.3.2) lib/action_dispatch/middleware/debug_exceptions.rb:29:in `call'
web-console (4.1.0) lib/web_console/middleware.rb:132:in `call_app'
web-console (4.1.0) lib/web_console/middleware.rb:28:in `block in call'
web-console (4.1.0) lib/web_console/middleware.rb:17:in `catch'
web-console (4.1.0) lib/web_console/middleware.rb:17:in `call'
actionpack (6.1.3.2) lib/action_dispatch/middleware/show_exceptions.rb:33:in `call'
railties (6.1.3.2) lib/rails/rack/logger.rb:37:in `call_app'
railties (6.1.3.2) lib/rails/rack/logger.rb:26:in `block in call'
activesupport (6.1.3.2) lib/active_support/tagged_logging.rb:99:in `block in tagged'
activesupport (6.1.3.2) lib/active_support/tagged_logging.rb:37:in `tagged'
activesupport (6.1.3.2) lib/active_support/tagged_logging.rb:99:in `tagged'
railties (6.1.3.2) lib/rails/rack/logger.rb:26:in `call'
sprockets-rails (3.2.2) lib/sprockets/rails/quiet_assets.rb:13:in `call'
actionpack (6.1.3.2) lib/action_dispatch/middleware/remote_ip.rb:81:in `call'
actionpack (6.1.3.2) lib/action_dispatch/middleware/request_id.rb:26:in `call'
rack (2.2.3) lib/rack/method_override.rb:24:in `call'
rack (2.2.3) lib/rack/runtime.rb:22:in `call'
activesupport (6.1.3.2) lib/active_support/cache/strategy/local_cache_middleware.rb:29:in `call'
actionpack (6.1.3.2) lib/action_dispatch/middleware/executor.rb:14:in `call'
actionpack (6.1.3.2) lib/action_dispatch/middleware/static.rb:24:in `call'
rack (2.2.3) lib/rack/sendfile.rb:110:in `call'
actionpack (6.1.3.2) lib/action_dispatch/middleware/host_authorization.rb:98:in `call'
rack-mini-profiler (2.3.2) lib/mini_profiler/profiler.rb:384:in `call'
webpacker (5.4.0) lib/webpacker/dev_server_proxy.rb:25:in `perform_request'
rack-proxy (0.7.0) lib/rack/proxy.rb:63:in `call'
railties (6.1.3.2) lib/rails/engine.rb:539:in `call'
puma (5.3.2) lib/puma/configuration.rb:249:in `call'
puma (5.3.2) lib/puma/request.rb:77:in `block in handle_request'
puma (5.3.2) lib/puma/thread_pool.rb:338:in `with_force_shutdown'
puma (5.3.2) lib/puma/request.rb:76:in `handle_request'
puma (5.3.2) lib/puma/server.rb:438:in `process_client'
puma (5.3.2) lib/puma/thread_pool.rb:145:in `block in spawn_thread'
Started GET "/" for 127.0.0.1 at 2021-06-11 14:10:58 +0200
Processing by HomepageController#index as HTML
  Rendering layout layouts/application.html.erb
  Rendering homepage/index.html.erb within layouts/application
  Rendered homepage/index.html.erb within layouts/application (Duration: 2.2ms | Allocations: 360)
[Webpacker] Compiling...
[Webpacker] Compilation failed:
yarn run v1.22.5
info Visit https://yarnpkg.com/en/docs/cli/run for documentation about this command.


/home/martin/.rbenv/versions/3.0.1/bin/ruby: warning: shebang line ending with \r may cause problems
error Command "webpack" not found.

  Rendered layout layouts/application.html.erb (Duration: 3672.9ms | Allocations: 18041)
Completed 500 Internal Server Error in 3782ms (ActiveRecord: 0.0ms | Allocations: 26875)


  
ActionView::Template::Error (Webpacker can't find Index.js in /mnt/c/Users/USER/Desktop/ICTQuery_GIT/ictquery/public/packs/manifest.json. Possible causes:
1. You want to set webpacker.yml value of compile to true for your environment
   unless you are using the `webpack -w` or the webpack-dev-server.
2. webpack has not yet re-run to reflect updates.
3. You have misconfigured Webpacker's config/webpacker.yml file.
4. Your webpack configuration is not creating a manifest.
Your manifest contains:
{
}
):
     8: 
     9:     <%= stylesheet_link_tag 'application', media: 'all', 'data-turbolinks-track': 'reload' %>
    10:     
    11:     <%= javascript_pack_tag 'Index' %> 
    12:   </head>
    13: 
    14:   <body>
  
app/views/layouts/application.html.erb:11
Started GET "/" for 127.0.0.1 at 2021-06-11 14:18:10 +0200
Processing by HomepageController#index as HTML
  Rendering layout layouts/application.html.erb
  Rendering homepage/index.html.erb within layouts/application
  Rendered homepage/index.html.erb within layouts/application (Duration: 2.0ms | Allocations: 359)
[Webpacker] Compiling...
[Webpacker] Compiled all packs in /mnt/c/Users/USER/Desktop/ICTQuery_GIT/ictquery/public/packs
[Webpacker] Though the "loose" option was set to "false" in your @babel/preset-env config, it will not be used for @babel/plugin-proposal-private-methods since the "loose" mode option was set to "true" for @babel/plugin-proposal-class-properties.
The "loose" option must be the same for @babel/plugin-proposal-class-properties, @babel/plugin-proposal-private-methods and @babel/plugin-proposal-private-property-in-object (when they are enabled): you can silence this warning by explicitly adding
	["@babel/plugin-proposal-private-methods", { "loose": true }]
to the "plugins" section of your Babel config.
Though the "loose" option was set to "false" in your @babel/preset-env config, it will not be used for @babel/plugin-proposal-private-methods since the "loose" mode option was set to "true" for @babel/plugin-proposal-class-properties.
The "loose" option must be the same for @babel/plugin-proposal-class-properties, @babel/plugin-proposal-private-methods and @babel/plugin-proposal-private-property-in-object (when they are enabled): you can silence this warning by explicitly adding
	["@babel/plugin-proposal-private-methods", { "loose": true }]
to the "plugins" section of your Babel config.
Though the "loose" option was set to "false" in your @babel/preset-env config, it will not be used for @babel/plugin-proposal-private-methods since the "loose" mode option was set to "true" for @babel/plugin-proposal-class-properties.
The "loose" option must be the same for @babel/plugin-proposal-class-properties, @babel/plugin-proposal-private-methods and @babel/plugin-proposal-private-property-in-object (when they are enabled): you can silence this warning by explicitly adding
	["@babel/plugin-proposal-private-methods", { "loose": true }]
to the "plugins" section of your Babel config.
Though the "loose" option was set to "false" in your @babel/preset-env config, it will not be used for @babel/plugin-proposal-private-methods since the "loose" mode option was set to "true" for @babel/plugin-proposal-class-properties.
The "loose" option must be the same for @babel/plugin-proposal-class-properties, @babel/plugin-proposal-private-methods and @babel/plugin-proposal-private-property-in-object (when they are enabled): you can silence this warning by explicitly adding
	["@babel/plugin-proposal-private-methods", { "loose": true }]
to the "plugins" section of your Babel config.
Though the "loose" option was set to "false" in your @babel/preset-env config, it will not be used for @babel/plugin-proposal-private-methods since the "loose" mode option was set to "true" for @babel/plugin-proposal-class-properties.
The "loose" option must be the same for @babel/plugin-proposal-class-properties, @babel/plugin-proposal-private-methods and @babel/plugin-proposal-private-property-in-object (when they are enabled): you can silence this warning by explicitly adding
	["@babel/plugin-proposal-private-methods", { "loose": true }]
to the "plugins" section of your Babel config.
Though the "loose" option was set to "false" in your @babel/preset-env config, it will not be used for @babel/plugin-proposal-private-methods since the "loose" mode option was set to "true" for @babel/plugin-proposal-class-properties.
The "loose" option must be the same for @babel/plugin-proposal-class-properties, @babel/plugin-proposal-private-methods and @babel/plugin-proposal-private-property-in-object (when they are enabled): you can silence this warning by explicitly adding
	["@babel/plugin-proposal-private-methods", { "loose": true }]
to the "plugins" section of your Babel config.

[Webpacker] Hash: e332c6419728fac579d5
Version: webpack 4.46.0
Time: 4609ms
Built at: 06/11/2021 2:18:20 PM
                                     Asset       Size       Chunks                         Chunk Names
    js/application-f826770d917d8a37c1d8.js    125 KiB  application  [emitted] [immutable]  application
js/application-f826770d917d8a37c1d8.js.map    139 KiB  application  [emitted] [dev]        application
                             manifest.json  364 bytes               [emitted]              
Entrypoint application = js/application-f826770d917d8a37c1d8.js js/application-f826770d917d8a37c1d8.js.map
[./app/javascript/channels sync recursive _channel\.js$] ./app/javascript/channels sync _channel\.js$ 160 bytes {application} [built]
[./app/javascript/channels/index.js] 211 bytes {application} [built]
[./app/javascript/packs/application.js] 492 bytes {application} [built]
[./node_modules/webpack/buildin/module.js] (webpack)/buildin/module.js 552 bytes {application} [built]
    + 3 hidden modules

  Rendered layout layouts/application.html.erb (Duration: 9911.3ms | Allocations: 8624)
Completed 500 Internal Server Error in 9935ms (ActiveRecord: 0.0ms | Allocations: 14808)


  
ActionView::Template::Error (Webpacker can't find Index.js in /mnt/c/Users/USER/Desktop/ICTQuery_GIT/ictquery/public/packs/manifest.json. Possible causes:
1. You want to set webpacker.yml value of compile to true for your environment
   unless you are using the `webpack -w` or the webpack-dev-server.
2. webpack has not yet re-run to reflect updates.
3. You have misconfigured Webpacker's config/webpacker.yml file.
4. Your webpack configuration is not creating a manifest.
Your manifest contains:
{
  "application.js": "/packs/js/application-f826770d917d8a37c1d8.js",
  "application.js.map": "/packs/js/application-f826770d917d8a37c1d8.js.map",
  "entrypoints": {
    "application": {
      "js": [
        "/packs/js/application-f826770d917d8a37c1d8.js"
      ],
      "js.map": [
        "/packs/js/application-f826770d917d8a37c1d8.js.map"
      ]
    }
  }
}
):
     8: 
     9:     <%= stylesheet_link_tag 'application', media: 'all', 'data-turbolinks-track': 'reload' %>
    10:     
    11:     <%= javascript_pack_tag 'Index' %> 
    12:   </head>
    13: 
    14:   <body>
  
app/views/layouts/application.html.erb:11
Started GET "/" for 127.0.0.1 at 2021-06-11 14:20:41 +0200
Processing by HomepageController#index as HTML
  Rendering layout layouts/application.html.erb
  Rendering homepage/index.html.erb within layouts/application
  Rendered homepage/index.html.erb within layouts/application (Duration: 0.2ms | Allocations: 40)
[Webpacker] Everything's up-to-date. Nothing to do
  Rendered layout layouts/application.html.erb (Duration: 35.4ms | Allocations: 4036)
Completed 500 Internal Server Error in 43ms (ActiveRecord: 0.0ms | Allocations: 7114)


  
ActionView::Template::Error (Webpacker can't find Index.js in /mnt/c/Users/USER/Desktop/ICTQuery_GIT/ictquery/public/packs/manifest.json. Possible causes:
1. You want to set webpacker.yml value of compile to true for your environment
   unless you are using the `webpack -w` or the webpack-dev-server.
2. webpack has not yet re-run to reflect updates.
3. You have misconfigured Webpacker's config/webpacker.yml file.
4. Your webpack configuration is not creating a manifest.
Your manifest contains:
{
  "application.js": "/packs/js/application-f826770d917d8a37c1d8.js",
  "application.js.map": "/packs/js/application-f826770d917d8a37c1d8.js.map",
  "entrypoints": {
    "application": {
      "js": [
        "/packs/js/application-f826770d917d8a37c1d8.js"
      ],
      "js.map": [
        "/packs/js/application-f826770d917d8a37c1d8.js.map"
      ]
    }
  }
}
):
     8: 
     9:     <%= stylesheet_link_tag 'application', media: 'all', 'data-turbolinks-track': 'reload' %>
    10:     
    11:     <%= javascript_pack_tag 'Index' %> 
    12:   </head>
    13: 
    14:   <body>
  
app/views/layouts/application.html.erb:11
Started GET "/" for 127.0.0.1 at 2021-06-11 14:21:22 +0200
Processing by HomepageController#index as HTML
  Rendering layout layouts/application.html.erb
  Rendering homepage/index.html.erb within layouts/application
  Rendered homepage/index.html.erb within layouts/application (Duration: 2.5ms | Allocations: 359)
[Webpacker] Everything's up-to-date. Nothing to do
  Rendered layout layouts/application.html.erb (Duration: 119.2ms | Allocations: 9606)
Completed 500 Internal Server Error in 145ms (ActiveRecord: 0.0ms | Allocations: 15790)


  
ActionView::Template::Error (Webpacker can't find Index.js in /mnt/c/Users/USER/Desktop/ICTQuery_GIT/ictquery/public/packs/manifest.json. Possible causes:
1. You want to set webpacker.yml value of compile to true for your environment
   unless you are using the `webpack -w` or the webpack-dev-server.
2. webpack has not yet re-run to reflect updates.
3. You have misconfigured Webpacker's config/webpacker.yml file.
4. Your webpack configuration is not creating a manifest.
Your manifest contains:
{
  "application.js": "/packs/js/application-f826770d917d8a37c1d8.js",
  "application.js.map": "/packs/js/application-f826770d917d8a37c1d8.js.map",
  "entrypoints": {
    "application": {
      "js": [
        "/packs/js/application-f826770d917d8a37c1d8.js"
      ],
      "js.map": [
        "/packs/js/application-f826770d917d8a37c1d8.js.map"
      ]
    }
  }
}
):
     8: 
     9:     <%= stylesheet_link_tag 'application', media: 'all', 'data-turbolinks-track': 'reload' %>
    10:     
    11:     <%= javascript_pack_tag 'Index' %> 
    12:   </head>
    13: 
    14:   <body>
  
app/views/layouts/application.html.erb:11
Started GET "/" for 127.0.0.1 at 2021-06-11 14:24:40 +0200
Processing by HomepageController#index as HTML
  Rendering layout layouts/application.html.erb
  Rendering homepage/index.html.erb within layouts/application
  Rendered homepage/index.html.erb within layouts/application (Duration: 2.1ms | Allocations: 359)
[Webpacker] Everything's up-to-date. Nothing to do
  Rendered layout layouts/application.html.erb (Duration: 103.1ms | Allocations: 7683)
Completed 500 Internal Server Error in 128ms (ActiveRecord: 0.0ms | Allocations: 13867)


  
ActionView::Template::Error (Webpacker can't find Index.js in /mnt/c/Users/USER/Desktop/ICTQuery_GIT/ictquery/public/packs/manifest.json. Possible causes:
1. You want to set webpacker.yml value of compile to true for your environment
   unless you are using the `webpack -w` or the webpack-dev-server.
2. webpack has not yet re-run to reflect updates.
3. You have misconfigured Webpacker's config/webpacker.yml file.
4. Your webpack configuration is not creating a manifest.
Your manifest contains:
{
  "application.js": "/packs/js/application-f826770d917d8a37c1d8.js",
  "application.js.map": "/packs/js/application-f826770d917d8a37c1d8.js.map",
  "entrypoints": {
    "application": {
      "js": [
        "/packs/js/application-f826770d917d8a37c1d8.js"
      ],
      "js.map": [
        "/packs/js/application-f826770d917d8a37c1d8.js.map"
      ]
    }
  }
}
):
     8: 
     9:     <%= stylesheet_link_tag 'application', media: 'all', 'data-turbolinks-track': 'reload' %>
    10:     
    11:     <%= javascript_pack_tag 'Index' %> 
    12:   </head>
    13: 
    14:   <body>
  
app/views/layouts/application.html.erb:11
Started GET "/" for 127.0.0.1 at 2021-06-11 14:28:24 +0200
Processing by HomepageController#index as HTML
  Rendering layout layouts/application.html.erb
  Rendering homepage/index.html.erb within layouts/application
  Rendered homepage/index.html.erb within layouts/application (Duration: 0.2ms | Allocations: 40)
[Webpacker] Everything's up-to-date. Nothing to do
  Rendered layout layouts/application.html.erb (Duration: 29.5ms | Allocations: 3838)
Completed 500 Internal Server Error in 37ms (ActiveRecord: 0.0ms | Allocations: 6916)


  
ActionView::Template::Error (Webpacker can't find Index.js in /mnt/c/Users/USER/Desktop/ICTQuery_GIT/ictquery/public/packs/manifest.json. Possible causes:
1. You want to set webpacker.yml value of compile to true for your environment
   unless you are using the `webpack -w` or the webpack-dev-server.
2. webpack has not yet re-run to reflect updates.
3. You have misconfigured Webpacker's config/webpacker.yml file.
4. Your webpack configuration is not creating a manifest.
Your manifest contains:
{
  "application.js": "/packs/js/application-f826770d917d8a37c1d8.js",
  "application.js.map": "/packs/js/application-f826770d917d8a37c1d8.js.map",
  "entrypoints": {
    "application": {
      "js": [
        "/packs/js/application-f826770d917d8a37c1d8.js"
      ],
      "js.map": [
        "/packs/js/application-f826770d917d8a37c1d8.js.map"
      ]
    }
  }
}
):
     8: 
     9:     <%= stylesheet_link_tag 'application', media: 'all', 'data-turbolinks-track': 'reload' %>
    10:     
    11:     <%= javascript_pack_tag 'Index' %> 
    12:   </head>
    13: 
    14:   <body>
  
app/views/layouts/application.html.erb:11
Started GET "/" for 127.0.0.1 at 2021-06-11 14:29:39 +0200
Processing by HomepageController#index as HTML
  Rendering layout layouts/application.html.erb
  Rendering homepage/index.html.erb within layouts/application
  Rendered homepage/index.html.erb within layouts/application (Duration: 0.8ms | Allocations: 143)
[Webpacker] Everything's up-to-date. Nothing to do
  Rendered layout layouts/application.html.erb (Duration: 22.0ms | Allocations: 2840)
Completed 500 Internal Server Error in 35ms (ActiveRecord: 0.0ms | Allocations: 6718)


  
ActionView::Template::Error (Webpacker can't find Index.js in /mnt/c/Users/USER/Desktop/ICTQuery_GIT/ictquery/public/packs/manifest.json. Possible causes:
1. You want to set webpacker.yml value of compile to true for your environment
   unless you are using the `webpack -w` or the webpack-dev-server.
2. webpack has not yet re-run to reflect updates.
3. You have misconfigured Webpacker's config/webpacker.yml file.
4. Your webpack configuration is not creating a manifest.
Your manifest contains:
{
  "application.js": "/packs/js/application-f826770d917d8a37c1d8.js",
  "application.js.map": "/packs/js/application-f826770d917d8a37c1d8.js.map",
  "entrypoints": {
    "application": {
      "js": [
        "/packs/js/application-f826770d917d8a37c1d8.js"
      ],
      "js.map": [
        "/packs/js/application-f826770d917d8a37c1d8.js.map"
      ]
    }
  }
}
):
     8: 
     9:    
    10:     
    11:     <%= javascript_pack_tag 'Index' %> 
    12:   </head>
    13: 
    14:   <body>
  
app/views/layouts/application.html.erb:11
Started GET "/" for 127.0.0.1 at 2021-06-11 14:32:17 +0200
Processing by HomepageController#index as HTML
  Rendering layout layouts/application.html.erb
  Rendering homepage/index.html.erb within layouts/application
  Rendered homepage/index.html.erb within layouts/application (Duration: 4.3ms | Allocations: 359)
[Webpacker] Everything's up-to-date. Nothing to do
  Rendered layout layouts/application.html.erb (Duration: 88.6ms | Allocations: 7353)
Completed 500 Internal Server Error in 122ms (ActiveRecord: 0.0ms | Allocations: 13537)


  
ActionView::Template::Error (Webpacker can't find Index.js in /mnt/c/Users/USER/Desktop/ICTQuery_GIT/ictquery/public/packs/manifest.json. Possible causes:
1. You want to set webpacker.yml value of compile to true for your environment
   unless you are using the `webpack -w` or the webpack-dev-server.
2. webpack has not yet re-run to reflect updates.
3. You have misconfigured Webpacker's config/webpacker.yml file.
4. Your webpack configuration is not creating a manifest.
Your manifest contains:
{
  "application.js": "/packs/js/application-f826770d917d8a37c1d8.js",
  "application.js.map": "/packs/js/application-f826770d917d8a37c1d8.js.map",
  "entrypoints": {
    "application": {
      "js": [
        "/packs/js/application-f826770d917d8a37c1d8.js"
      ],
      "js.map": [
        "/packs/js/application-f826770d917d8a37c1d8.js.map"
      ]
    }
  }
}
):
     8: 
     9:     <%= stylesheet_link_tag 'application', media: 'all', 'data-turbolinks-track': 'reload' %>
    10:     
    11:     <%= javascript_pack_tag 'Index' %> 
    12:   </head>
    13: 
    14:   <body>
  
app/views/layouts/application.html.erb:11
Started GET "/" for 127.0.0.1 at 2021-06-11 14:33:43 +0200
Processing by HomepageController#index as HTML
  Rendering layout layouts/application.html.erb
  Rendering homepage/index.html.erb within layouts/application
  Rendered homepage/index.html.erb within layouts/application (Duration: 2.8ms | Allocations: 359)
[Webpacker] Everything's up-to-date. Nothing to do
  Rendered layout layouts/application.html.erb (Duration: 78.9ms | Allocations: 7215)
Completed 500 Internal Server Error in 101ms (ActiveRecord: 0.0ms | Allocations: 13399)


  
ActionView::Template::Error (Webpacker can't find Index.js in /mnt/c/Users/USER/Desktop/ICTQuery_GIT/ictquery/public/packs/manifest.json. Possible causes:
1. You want to set webpacker.yml value of compile to true for your environment
   unless you are using the `webpack -w` or the webpack-dev-server.
2. webpack has not yet re-run to reflect updates.
3. You have misconfigured Webpacker's config/webpacker.yml file.
4. Your webpack configuration is not creating a manifest.
Your manifest contains:
{
  "application.js": "/packs/js/application-f826770d917d8a37c1d8.js",
  "application.js.map": "/packs/js/application-f826770d917d8a37c1d8.js.map",
  "entrypoints": {
    "application": {
      "js": [
        "/packs/js/application-f826770d917d8a37c1d8.js"
      ],
      "js.map": [
        "/packs/js/application-f826770d917d8a37c1d8.js.map"
      ]
    }
  }
}
):
     8: 
     9:     <%= stylesheet_link_tag 'application', media: 'all', 'data-turbolinks-track': 'reload' %>
    10:     
    11:     <%= javascript_pack_tag 'Index' %> 
    12:   </head>
    13: 
    14:   <body>
  
app/views/layouts/application.html.erb:11
Started GET "/" for 127.0.0.1 at 2021-06-11 14:59:11 +0200
Processing by HomepageController#index as HTML
  Rendering layout layouts/application.html.erb
  Rendering homepage/index.html.erb within layouts/application
  Rendered homepage/index.html.erb within layouts/application (Duration: 3.1ms | Allocations: 359)
[Webpacker] Compiling...
[Webpacker] Compilation failed:
Hash: 508ed939ceb8db073ee2
Version: webpack 4.46.0
Time: 3612ms
Built at: 06/11/2021 2:59:22 PM
                                     Asset       Size       Chunks                         Chunk Names
          js/Index-4f94a5ea20f8679e1a06.js   8.36 KiB        Index  [emitted] [immutable]  Index
      js/Index-4f94a5ea20f8679e1a06.js.map   3.52 KiB        Index  [emitted] [dev]        Index
    js/application-f826770d917d8a37c1d8.js    125 KiB  application  [emitted] [immutable]  application
js/application-f826770d917d8a37c1d8.js.map    139 KiB  application  [emitted] [dev]        application
                             manifest.json  661 bytes               [emitted]              
Entrypoint application = js/application-f826770d917d8a37c1d8.js js/application-f826770d917d8a37c1d8.js.map
Entrypoint Index = js/Index-4f94a5ea20f8679e1a06.js js/Index-4f94a5ea20f8679e1a06.js.map
[./app/javascript/channels sync recursive _channel\.js$] ./app/javascript/channels sync _channel\.js$ 160 bytes {application} [built]
[./app/javascript/channels/index.js] 211 bytes {application} [built]
[./app/javascript/packs/Index.jsx] 4.49 KiB {Index} [built] [failed] [1 error]
[./app/javascript/packs/application.js] 492 bytes {application} [built]
[./node_modules/webpack/buildin/module.js] (webpack)/buildin/module.js 552 bytes {application} [built]
    + 3 hidden modules

ERROR in ./app/javascript/packs/Index.jsx
Module build failed (from ./node_modules/babel-loader/lib/index.js):
SyntaxError: /mnt/c/Users/USER/Desktop/ICTQuery_GIT/ictquery/app/javascript/packs/Index.jsx: Support for the experimental syntax 'jsx' isn't currently enabled (12:5):

  10 | document.addEventListener('DOMContentLoaded', () => {
  11 |   ReactDOM.render(
> 12 |     <App/>,
     |     ^
  13 |     document.body.appendChild(document.createElement('div')),
  14 |   )
  15 | })

Add @babel/preset-react (https://git.io/JfeDR) to the 'presets' section of your Babel config to enable transformation.
If you want to leave it as-is, add @babel/plugin-syntax-jsx (https://git.io/vb4yA) to the 'plugins' section to enable parsing.
    at Parser._raise (/mnt/c/Users/USER/Desktop/ICTQuery_GIT/ictquery/node_modules/@babel/parser/lib/index.js:816:17)
    at Parser.raiseWithData (/mnt/c/Users/USER/Desktop/ICTQuery_GIT/ictquery/node_modules/@babel/parser/lib/index.js:809:17)
    at Parser.expectOnePlugin (/mnt/c/Users/USER/Desktop/ICTQuery_GIT/ictquery/node_modules/@babel/parser/lib/index.js:9911:18)
    at Parser.parseExprAtom (/mnt/c/Users/USER/Desktop/ICTQuery_GIT/ictquery/node_modules/@babel/parser/lib/index.js:11291:22)
    at Parser.parseExprSubscripts (/mnt/c/Users/USER/Desktop/ICTQuery_GIT/ictquery/node_modules/@babel/parser/lib/index.js:10869:23)
    at Parser.parseUpdate (/mnt/c/Users/USER/Desktop/ICTQuery_GIT/ictquery/node_modules/@babel/parser/lib/index.js:10849:21)
    at Parser.parseMaybeUnary (/mnt/c/Users/USER/Desktop/ICTQuery_GIT/ictquery/node_modules/@babel/parser/lib/index.js:10827:23)
    at Parser.parseExprOps (/mnt/c/Users/USER/Desktop/ICTQuery_GIT/ictquery/node_modules/@babel/parser/lib/index.js:10684:23)
    at Parser.parseMaybeConditional (/mnt/c/Users/USER/Desktop/ICTQuery_GIT/ictquery/node_modules/@babel/parser/lib/index.js:10658:23)
    at Parser.parseMaybeAssign (/mnt/c/Users/USER/Desktop/ICTQuery_GIT/ictquery/node_modules/@babel/parser/lib/index.js:10621:21)
    at /mnt/c/Users/USER/Desktop/ICTQuery_GIT/ictquery/node_modules/@babel/parser/lib/index.js:10589:39
    at Parser.allowInAnd (/mnt/c/Users/USER/Desktop/ICTQuery_GIT/ictquery/node_modules/@babel/parser/lib/index.js:12336:12)
    at Parser.parseMaybeAssignAllowIn (/mnt/c/Users/USER/Desktop/ICTQuery_GIT/ictquery/node_modules/@babel/parser/lib/index.js:10589:17)
    at Parser.parseExprListItem (/mnt/c/Users/USER/Desktop/ICTQuery_GIT/ictquery/node_modules/@babel/parser/lib/index.js:12070:18)
    at Parser.parseCallExpressionArguments (/mnt/c/Users/USER/Desktop/ICTQuery_GIT/ictquery/node_modules/@babel/parser/lib/index.js:11073:22)
    at Parser.parseCoverCallAndAsyncArrowHead (/mnt/c/Users/USER/Desktop/ICTQuery_GIT/ictquery/node_modules/@babel/parser/lib/index.js:10980:29)
    at Parser.parseSubscript (/mnt/c/Users/USER/Desktop/ICTQuery_GIT/ictquery/node_modules/@babel/parser/lib/index.js:10913:19)
    at Parser.parseSubscripts (/mnt/c/Users/USER/Desktop/ICTQuery_GIT/ictquery/node_modules/@babel/parser/lib/index.js:10886:19)
    at Parser.parseExprSubscripts (/mnt/c/Users/USER/Desktop/ICTQuery_GIT/ictquery/node_modules/@babel/parser/lib/index.js:10875:17)
    at Parser.parseUpdate (/mnt/c/Users/USER/Desktop/ICTQuery_GIT/ictquery/node_modules/@babel/parser/lib/index.js:10849:21)
    at Parser.parseMaybeUnary (/mnt/c/Users/USER/Desktop/ICTQuery_GIT/ictquery/node_modules/@babel/parser/lib/index.js:10827:23)
    at Parser.parseExprOps (/mnt/c/Users/USER/Desktop/ICTQuery_GIT/ictquery/node_modules/@babel/parser/lib/index.js:10684:23)
    at Parser.parseMaybeConditional (/mnt/c/Users/USER/Desktop/ICTQuery_GIT/ictquery/node_modules/@babel/parser/lib/index.js:10658:23)
    at Parser.parseMaybeAssign (/mnt/c/Users/USER/Desktop/ICTQuery_GIT/ictquery/node_modules/@babel/parser/lib/index.js:10621:21)
    at Parser.parseExpressionBase (/mnt/c/Users/USER/Desktop/ICTQuery_GIT/ictquery/node_modules/@babel/parser/lib/index.js:10567:23)
    at /mnt/c/Users/USER/Desktop/ICTQuery_GIT/ictquery/node_modules/@babel/parser/lib/index.js:10561:39
    at Parser.allowInAnd (/mnt/c/Users/USER/Desktop/ICTQuery_GIT/ictquery/node_modules/@babel/parser/lib/index.js:12336:12)
    at Parser.parseExpression (/mnt/c/Users/USER/Desktop/ICTQuery_GIT/ictquery/node_modules/@babel/parser/lib/index.js:10561:17)
    at Parser.parseStatementContent (/mnt/c/Users/USER/Desktop/ICTQuery_GIT/ictquery/node_modules/@babel/parser/lib/index.js:12667:23)
    at Parser.parseStatement (/mnt/c/Users/USER/Desktop/ICTQuery_GIT/ictquery/node_modules/@babel/parser/lib/index.js:12536:17)

  Rendered layout layouts/application.html.erb (Duration: 10992.8ms | Allocations: 7414)
Completed 200 OK in 11026ms (Views: 11003.3ms | ActiveRecord: 0.0ms | Allocations: 13650)


Started GET "/" for 127.0.0.1 at 2021-06-11 15:12:01 +0200
  
ActiveRecord::ConnectionNotEstablished (could not connect to server: No such file or directory
	Is the server running locally and accepting
	connections on Unix domain socket "/var/run/postgresql/.s.PGSQL.5432"?
):
  
activerecord (6.1.3.2) lib/active_record/connection_adapters/postgresql_adapter.rb:83:in `rescue in new_client'
activerecord (6.1.3.2) lib/active_record/connection_adapters/postgresql_adapter.rb:77:in `new_client'
activerecord (6.1.3.2) lib/active_record/connection_adapters/postgresql_adapter.rb:37:in `postgresql_connection'
activerecord (6.1.3.2) lib/active_record/connection_adapters/abstract/connection_pool.rb:882:in `public_send'
activerecord (6.1.3.2) lib/active_record/connection_adapters/abstract/connection_pool.rb:882:in `new_connection'
activerecord (6.1.3.2) lib/active_record/connection_adapters/abstract/connection_pool.rb:926:in `checkout_new_connection'
activerecord (6.1.3.2) lib/active_record/connection_adapters/abstract/connection_pool.rb:905:in `try_to_checkout_new_connection'
activerecord (6.1.3.2) lib/active_record/connection_adapters/abstract/connection_pool.rb:866:in `acquire_connection'
activerecord (6.1.3.2) lib/active_record/connection_adapters/abstract/connection_pool.rb:588:in `checkout'
activerecord (6.1.3.2) lib/active_record/connection_adapters/abstract/connection_pool.rb:428:in `connection'
activerecord (6.1.3.2) lib/active_record/connection_adapters/abstract/connection_pool.rb:1128:in `retrieve_connection'
activerecord (6.1.3.2) lib/active_record/connection_handling.rb:327:in `retrieve_connection'
activerecord (6.1.3.2) lib/active_record/connection_handling.rb:283:in `connection'
activerecord (6.1.3.2) lib/active_record/migration.rb:611:in `connection'
activerecord (6.1.3.2) lib/active_record/migration.rb:606:in `build_watcher'
activerecord (6.1.3.2) lib/active_record/migration.rb:588:in `block in call'
activerecord (6.1.3.2) lib/active_record/migration.rb:587:in `synchronize'
activerecord (6.1.3.2) lib/active_record/migration.rb:587:in `call'
actionpack (6.1.3.2) lib/action_dispatch/middleware/callbacks.rb:27:in `block in call'
activesupport (6.1.3.2) lib/active_support/callbacks.rb:98:in `run_callbacks'
actionpack (6.1.3.2) lib/action_dispatch/middleware/callbacks.rb:26:in `call'
actionpack (6.1.3.2) lib/action_dispatch/middleware/executor.rb:14:in `call'
actionpack (6.1.3.2) lib/action_dispatch/middleware/actionable_exceptions.rb:18:in `call'
actionpack (6.1.3.2) lib/action_dispatch/middleware/debug_exceptions.rb:29:in `call'
web-console (4.1.0) lib/web_console/middleware.rb:132:in `call_app'
web-console (4.1.0) lib/web_console/middleware.rb:28:in `block in call'
web-console (4.1.0) lib/web_console/middleware.rb:17:in `catch'
web-console (4.1.0) lib/web_console/middleware.rb:17:in `call'
actionpack (6.1.3.2) lib/action_dispatch/middleware/show_exceptions.rb:33:in `call'
railties (6.1.3.2) lib/rails/rack/logger.rb:37:in `call_app'
railties (6.1.3.2) lib/rails/rack/logger.rb:26:in `block in call'
activesupport (6.1.3.2) lib/active_support/tagged_logging.rb:99:in `block in tagged'
activesupport (6.1.3.2) lib/active_support/tagged_logging.rb:37:in `tagged'
activesupport (6.1.3.2) lib/active_support/tagged_logging.rb:99:in `tagged'
railties (6.1.3.2) lib/rails/rack/logger.rb:26:in `call'
sprockets-rails (3.2.2) lib/sprockets/rails/quiet_assets.rb:13:in `call'
actionpack (6.1.3.2) lib/action_dispatch/middleware/remote_ip.rb:81:in `call'
actionpack (6.1.3.2) lib/action_dispatch/middleware/request_id.rb:26:in `call'
rack (2.2.3) lib/rack/method_override.rb:24:in `call'
rack (2.2.3) lib/rack/runtime.rb:22:in `call'
activesupport (6.1.3.2) lib/active_support/cache/strategy/local_cache_middleware.rb:29:in `call'
actionpack (6.1.3.2) lib/action_dispatch/middleware/executor.rb:14:in `call'
actionpack (6.1.3.2) lib/action_dispatch/middleware/static.rb:24:in `call'
rack (2.2.3) lib/rack/sendfile.rb:110:in `call'
actionpack (6.1.3.2) lib/action_dispatch/middleware/host_authorization.rb:98:in `call'
webpacker (5.4.0) lib/webpacker/dev_server_proxy.rb:25:in `perform_request'
rack-proxy (0.7.0) lib/rack/proxy.rb:63:in `call'
railties (6.1.3.2) lib/rails/engine.rb:539:in `call'
puma (5.3.2) lib/puma/configuration.rb:249:in `call'
puma (5.3.2) lib/puma/request.rb:77:in `block in handle_request'
puma (5.3.2) lib/puma/thread_pool.rb:338:in `with_force_shutdown'
puma (5.3.2) lib/puma/request.rb:76:in `handle_request'
puma (5.3.2) lib/puma/server.rb:438:in `process_client'
puma (5.3.2) lib/puma/thread_pool.rb:145:in `block in spawn_thread'
Started GET "/" for 127.0.0.1 at 2021-06-11 15:13:22 +0200
  
ActiveRecord::ConnectionNotEstablished (could not connect to server: No such file or directory
	Is the server running locally and accepting
	connections on Unix domain socket "/var/run/postgresql/.s.PGSQL.5432"?
):
  
activerecord (6.1.3.2) lib/active_record/connection_adapters/postgresql_adapter.rb:83:in `rescue in new_client'
activerecord (6.1.3.2) lib/active_record/connection_adapters/postgresql_adapter.rb:77:in `new_client'
activerecord (6.1.3.2) lib/active_record/connection_adapters/postgresql_adapter.rb:37:in `postgresql_connection'
activerecord (6.1.3.2) lib/active_record/connection_adapters/abstract/connection_pool.rb:882:in `public_send'
activerecord (6.1.3.2) lib/active_record/connection_adapters/abstract/connection_pool.rb:882:in `new_connection'
activerecord (6.1.3.2) lib/active_record/connection_adapters/abstract/connection_pool.rb:926:in `checkout_new_connection'
activerecord (6.1.3.2) lib/active_record/connection_adapters/abstract/connection_pool.rb:905:in `try_to_checkout_new_connection'
activerecord (6.1.3.2) lib/active_record/connection_adapters/abstract/connection_pool.rb:866:in `acquire_connection'
activerecord (6.1.3.2) lib/active_record/connection_adapters/abstract/connection_pool.rb:588:in `checkout'
activerecord (6.1.3.2) lib/active_record/connection_adapters/abstract/connection_pool.rb:428:in `connection'
activerecord (6.1.3.2) lib/active_record/connection_adapters/abstract/connection_pool.rb:1128:in `retrieve_connection'
activerecord (6.1.3.2) lib/active_record/connection_handling.rb:327:in `retrieve_connection'
activerecord (6.1.3.2) lib/active_record/connection_handling.rb:283:in `connection'
activerecord (6.1.3.2) lib/active_record/migration.rb:611:in `connection'
activerecord (6.1.3.2) lib/active_record/migration.rb:606:in `build_watcher'
activerecord (6.1.3.2) lib/active_record/migration.rb:588:in `block in call'
activerecord (6.1.3.2) lib/active_record/migration.rb:587:in `synchronize'
activerecord (6.1.3.2) lib/active_record/migration.rb:587:in `call'
actionpack (6.1.3.2) lib/action_dispatch/middleware/callbacks.rb:27:in `block in call'
activesupport (6.1.3.2) lib/active_support/callbacks.rb:98:in `run_callbacks'
actionpack (6.1.3.2) lib/action_dispatch/middleware/callbacks.rb:26:in `call'
actionpack (6.1.3.2) lib/action_dispatch/middleware/executor.rb:14:in `call'
actionpack (6.1.3.2) lib/action_dispatch/middleware/actionable_exceptions.rb:18:in `call'
actionpack (6.1.3.2) lib/action_dispatch/middleware/debug_exceptions.rb:29:in `call'
web-console (4.1.0) lib/web_console/middleware.rb:132:in `call_app'
web-console (4.1.0) lib/web_console/middleware.rb:28:in `block in call'
web-console (4.1.0) lib/web_console/middleware.rb:17:in `catch'
web-console (4.1.0) lib/web_console/middleware.rb:17:in `call'
actionpack (6.1.3.2) lib/action_dispatch/middleware/show_exceptions.rb:33:in `call'
railties (6.1.3.2) lib/rails/rack/logger.rb:37:in `call_app'
railties (6.1.3.2) lib/rails/rack/logger.rb:26:in `block in call'
activesupport (6.1.3.2) lib/active_support/tagged_logging.rb:99:in `block in tagged'
activesupport (6.1.3.2) lib/active_support/tagged_logging.rb:37:in `tagged'
activesupport (6.1.3.2) lib/active_support/tagged_logging.rb:99:in `tagged'
railties (6.1.3.2) lib/rails/rack/logger.rb:26:in `call'
sprockets-rails (3.2.2) lib/sprockets/rails/quiet_assets.rb:13:in `call'
actionpack (6.1.3.2) lib/action_dispatch/middleware/remote_ip.rb:81:in `call'
actionpack (6.1.3.2) lib/action_dispatch/middleware/request_id.rb:26:in `call'
rack (2.2.3) lib/rack/method_override.rb:24:in `call'
rack (2.2.3) lib/rack/runtime.rb:22:in `call'
activesupport (6.1.3.2) lib/active_support/cache/strategy/local_cache_middleware.rb:29:in `call'
actionpack (6.1.3.2) lib/action_dispatch/middleware/executor.rb:14:in `call'
actionpack (6.1.3.2) lib/action_dispatch/middleware/static.rb:24:in `call'
rack (2.2.3) lib/rack/sendfile.rb:110:in `call'
actionpack (6.1.3.2) lib/action_dispatch/middleware/host_authorization.rb:98:in `call'
webpacker (5.4.0) lib/webpacker/dev_server_proxy.rb:25:in `perform_request'
rack-proxy (0.7.0) lib/rack/proxy.rb:63:in `call'
railties (6.1.3.2) lib/rails/engine.rb:539:in `call'
puma (5.3.2) lib/puma/configuration.rb:249:in `call'
puma (5.3.2) lib/puma/request.rb:77:in `block in handle_request'
puma (5.3.2) lib/puma/thread_pool.rb:338:in `with_force_shutdown'
puma (5.3.2) lib/puma/request.rb:76:in `handle_request'
puma (5.3.2) lib/puma/server.rb:438:in `process_client'
puma (5.3.2) lib/puma/thread_pool.rb:145:in `block in spawn_thread'
Started GET "/" for 127.0.0.1 at 2021-06-11 15:13:50 +0200
Processing by HomepageController#index as HTML
  Rendering layout layouts/application.html.erb
  Rendering homepage/index.html.erb within layouts/application
  Rendered homepage/index.html.erb within layouts/application (Duration: 2.2ms | Allocations: 290)
[Webpacker] Compiling...
[Webpacker] Compiled all packs in /mnt/c/Users/USER/Desktop/ICTQuery_GIT/ictquery/public/packs
[Webpacker] Though the "loose" option was set to "false" in your @babel/preset-env config, it will not be used for @babel/plugin-proposal-private-methods since the "loose" mode option was set to "true" for @babel/plugin-proposal-class-properties.
The "loose" option must be the same for @babel/plugin-proposal-class-properties, @babel/plugin-proposal-private-methods and @babel/plugin-proposal-private-property-in-object (when they are enabled): you can silence this warning by explicitly adding
	["@babel/plugin-proposal-private-methods", { "loose": true }]
to the "plugins" section of your Babel config.
Though the "loose" option was set to "false" in your @babel/preset-env config, it will not be used for @babel/plugin-proposal-private-methods since the "loose" mode option was set to "true" for @babel/plugin-proposal-class-properties.
The "loose" option must be the same for @babel/plugin-proposal-class-properties, @babel/plugin-proposal-private-methods and @babel/plugin-proposal-private-property-in-object (when they are enabled): you can silence this warning by explicitly adding
	["@babel/plugin-proposal-private-methods", { "loose": true }]
to the "plugins" section of your Babel config.
Though the "loose" option was set to "false" in your @babel/preset-env config, it will not be used for @babel/plugin-proposal-private-methods since the "loose" mode option was set to "true" for @babel/plugin-proposal-class-properties.
The "loose" option must be the same for @babel/plugin-proposal-class-properties, @babel/plugin-proposal-private-methods and @babel/plugin-proposal-private-property-in-object (when they are enabled): you can silence this warning by explicitly adding
	["@babel/plugin-proposal-private-methods", { "loose": true }]
to the "plugins" section of your Babel config.
Though the "loose" option was set to "false" in your @babel/preset-env config, it will not be used for @babel/plugin-proposal-private-methods since the "loose" mode option was set to "true" for @babel/plugin-proposal-class-properties.
The "loose" option must be the same for @babel/plugin-proposal-class-properties, @babel/plugin-proposal-private-methods and @babel/plugin-proposal-private-property-in-object (when they are enabled): you can silence this warning by explicitly adding
	["@babel/plugin-proposal-private-methods", { "loose": true }]
to the "plugins" section of your Babel config.
Though the "loose" option was set to "false" in your @babel/preset-env config, it will not be used for @babel/plugin-proposal-private-methods since the "loose" mode option was set to "true" for @babel/plugin-proposal-class-properties.
The "loose" option must be the same for @babel/plugin-proposal-class-properties, @babel/plugin-proposal-private-methods and @babel/plugin-proposal-private-property-in-object (when they are enabled): you can silence this warning by explicitly adding
	["@babel/plugin-proposal-private-methods", { "loose": true }]
to the "plugins" section of your Babel config.
Though the "loose" option was set to "false" in your @babel/preset-env config, it will not be used for @babel/plugin-proposal-private-methods since the "loose" mode option was set to "true" for @babel/plugin-proposal-class-properties.
The "loose" option must be the same for @babel/plugin-proposal-class-properties, @babel/plugin-proposal-private-methods and @babel/plugin-proposal-private-property-in-object (when they are enabled): you can silence this warning by explicitly adding
	["@babel/plugin-proposal-private-methods", { "loose": true }]
to the "plugins" section of your Babel config.
Though the "loose" option was set to "false" in your @babel/preset-env config, it will not be used for @babel/plugin-proposal-private-methods since the "loose" mode option was set to "true" for @babel/plugin-proposal-class-properties.
The "loose" option must be the same for @babel/plugin-proposal-class-properties, @babel/plugin-proposal-private-methods and @babel/plugin-proposal-private-property-in-object (when they are enabled): you can silence this warning by explicitly adding
	["@babel/plugin-proposal-private-methods", { "loose": true }]
to the "plugins" section of your Babel config.
Though the "loose" option was set to "false" in your @babel/preset-env config, it will not be used for @babel/plugin-proposal-private-methods since the "loose" mode option was set to "true" for @babel/plugin-proposal-class-properties.
The "loose" option must be the same for @babel/plugin-proposal-class-properties, @babel/plugin-proposal-private-methods and @babel/plugin-proposal-private-property-in-object (when they are enabled): you can silence this warning by explicitly adding
	["@babel/plugin-proposal-private-methods", { "loose": true }]
to the "plugins" section of your Babel config.
Though the "loose" option was set to "false" in your @babel/preset-env config, it will not be used for @babel/plugin-proposal-private-methods since the "loose" mode option was set to "true" for @babel/plugin-proposal-class-properties.
The "loose" option must be the same for @babel/plugin-proposal-class-properties, @babel/plugin-proposal-private-methods and @babel/plugin-proposal-private-property-in-object (when they are enabled): you can silence this warning by explicitly adding
	["@babel/plugin-proposal-private-methods", { "loose": true }]
to the "plugins" section of your Babel config.
Though the "loose" option was set to "false" in your @babel/preset-env config, it will not be used for @babel/plugin-proposal-private-methods since the "loose" mode option was set to "true" for @babel/plugin-proposal-class-properties.
The "loose" option must be the same for @babel/plugin-proposal-class-properties, @babel/plugin-proposal-private-methods and @babel/plugin-proposal-private-property-in-object (when they are enabled): you can silence this warning by explicitly adding
	["@babel/plugin-proposal-private-methods", { "loose": true }]
to the "plugins" section of your Babel config.
Though the "loose" option was set to "false" in your @babel/preset-env config, it will not be used for @babel/plugin-proposal-private-methods since the "loose" mode option was set to "true" for @babel/plugin-proposal-class-properties.
The "loose" option must be the same for @babel/plugin-proposal-class-properties, @babel/plugin-proposal-private-methods and @babel/plugin-proposal-private-property-in-object (when they are enabled): you can silence this warning by explicitly adding
	["@babel/plugin-proposal-private-methods", { "loose": true }]
to the "plugins" section of your Babel config.
Though the "loose" option was set to "false" in your @babel/preset-env config, it will not be used for @babel/plugin-proposal-private-methods since the "loose" mode option was set to "true" for @babel/plugin-proposal-class-properties.
The "loose" option must be the same for @babel/plugin-proposal-class-properties, @babel/plugin-proposal-private-methods and @babel/plugin-proposal-private-property-in-object (when they are enabled): you can silence this warning by explicitly adding
	["@babel/plugin-proposal-private-methods", { "loose": true }]
to the "plugins" section of your Babel config.
Though the "loose" option was set to "false" in your @babel/preset-env config, it will not be used for @babel/plugin-proposal-private-methods since the "loose" mode option was set to "true" for @babel/plugin-proposal-class-properties.
The "loose" option must be the same for @babel/plugin-proposal-class-properties, @babel/plugin-proposal-private-methods and @babel/plugin-proposal-private-property-in-object (when they are enabled): you can silence this warning by explicitly adding
	["@babel/plugin-proposal-private-methods", { "loose": true }]
to the "plugins" section of your Babel config.
Though the "loose" option was set to "false" in your @babel/preset-env config, it will not be used for @babel/plugin-proposal-private-methods since the "loose" mode option was set to "true" for @babel/plugin-proposal-class-properties.
The "loose" option must be the same for @babel/plugin-proposal-class-properties, @babel/plugin-proposal-private-methods and @babel/plugin-proposal-private-property-in-object (when they are enabled): you can silence this warning by explicitly adding
	["@babel/plugin-proposal-private-methods", { "loose": true }]
to the "plugins" section of your Babel config.
Though the "loose" option was set to "false" in your @babel/preset-env config, it will not be used for @babel/plugin-proposal-private-methods since the "loose" mode option was set to "true" for @babel/plugin-proposal-class-properties.
The "loose" option must be the same for @babel/plugin-proposal-class-properties, @babel/plugin-proposal-private-methods and @babel/plugin-proposal-private-property-in-object (when they are enabled): you can silence this warning by explicitly adding
	["@babel/plugin-proposal-private-methods", { "loose": true }]
to the "plugins" section of your Babel config.
Though the "loose" option was set to "false" in your @babel/preset-env config, it will not be used for @babel/plugin-proposal-private-methods since the "loose" mode option was set to "true" for @babel/plugin-proposal-class-properties.
The "loose" option must be the same for @babel/plugin-proposal-class-properties, @babel/plugin-proposal-private-methods and @babel/plugin-proposal-private-property-in-object (when they are enabled): you can silence this warning by explicitly adding
	["@babel/plugin-proposal-private-methods", { "loose": true }]
to the "plugins" section of your Babel config.
Though the "loose" option was set to "false" in your @babel/preset-env config, it will not be used for @babel/plugin-proposal-private-methods since the "loose" mode option was set to "true" for @babel/plugin-proposal-class-properties.
The "loose" option must be the same for @babel/plugin-proposal-class-properties, @babel/plugin-proposal-private-methods and @babel/plugin-proposal-private-property-in-object (when they are enabled): you can silence this warning by explicitly adding
	["@babel/plugin-proposal-private-methods", { "loose": true }]
to the "plugins" section of your Babel config.

[Webpacker] Hash: b1ba190e45302610a391
Version: webpack 4.46.0
Time: 11967ms
Built at: 06/11/2021 3:14:08 PM
                                     Asset       Size       Chunks                         Chunk Names
          js/Index-2e07ee89d818deb1b820.js   1.06 MiB        Index  [emitted] [immutable]  Index
      js/Index-2e07ee89d818deb1b820.js.map   1.22 MiB        Index  [emitted] [dev]        Index
    js/application-f826770d917d8a37c1d8.js    125 KiB  application  [emitted] [immutable]  application
js/application-f826770d917d8a37c1d8.js.map    139 KiB  application  [emitted] [dev]        application
                             manifest.json  661 bytes               [emitted]              
Entrypoint application = js/application-f826770d917d8a37c1d8.js js/application-f826770d917d8a37c1d8.js.map
Entrypoint Index = js/Index-2e07ee89d818deb1b820.js js/Index-2e07ee89d818deb1b820.js.map
[./app/javascript/channels sync recursive _channel\.js$] ./app/javascript/channels sync _channel\.js$ 160 bytes {application} [built]
[./app/javascript/channels/index.js] 211 bytes {application} [built]
[./app/javascript/packs/Index.jsx] 749 bytes {Index} [built]
[./app/javascript/packs/application.js] 492 bytes {application} [built]
[./node_modules/webpack/buildin/module.js] (webpack)/buildin/module.js 552 bytes {application} [built]
    + 13 hidden modules

  Rendered layout layouts/application.html.erb (Duration: 17929.5ms | Allocations: 15133)
Completed 200 OK in 17953ms (Views: 17936.9ms | ActiveRecord: 0.0ms | Allocations: 18853)


Started GET "/" for 127.0.0.1 at 2021-06-11 15:25:10 +0200
Processing by HomepageController#index as HTML
  Rendering layout layouts/application.html.erb
  Rendering homepage/index.html.erb within layouts/application
  Rendered homepage/index.html.erb within layouts/application (Duration: 1.2ms | Allocations: 292)
[Webpacker] Everything's up-to-date. Nothing to do
  Rendered layout layouts/application.html.erb (Duration: 21.6ms | Allocations: 6554)
Completed 200 OK in 36ms (Views: 26.1ms | ActiveRecord: 0.0ms | Allocations: 12880)


Started GET "/" for 127.0.0.1 at 2021-06-11 15:25:35 +0200
Processing by HomepageController#index as HTML
  Rendering layout layouts/application.html.erb
  Rendering homepage/index.html.erb within layouts/application
  Rendered homepage/index.html.erb within layouts/application (Duration: 0.0ms | Allocations: 6)
[Webpacker] Compiling...
[Webpacker] Compilation failed:
/Users/mikailmilissen/.asdf/installs/ruby/3.0.1/lib/ruby/gems/3.0.0/gems/webpacker-5.4.0/lib/webpacker/webpack_runner.rb:23:in `exec': Permission denied - /Users/mikailmilissen/Documenten/Qiwie/ictquery/node_modules/.bin/webpack (Errno::EACCES)
	from /Users/mikailmilissen/.asdf/installs/ruby/3.0.1/lib/ruby/gems/3.0.0/gems/webpacker-5.4.0/lib/webpacker/webpack_runner.rb:23:in `block in run'
	from /Users/mikailmilissen/.asdf/installs/ruby/3.0.1/lib/ruby/gems/3.0.0/gems/webpacker-5.4.0/lib/webpacker/webpack_runner.rb:22:in `chdir'
	from /Users/mikailmilissen/.asdf/installs/ruby/3.0.1/lib/ruby/gems/3.0.0/gems/webpacker-5.4.0/lib/webpacker/webpack_runner.rb:22:in `run'
	from /Users/mikailmilissen/.asdf/installs/ruby/3.0.1/lib/ruby/gems/3.0.0/gems/webpacker-5.4.0/lib/webpacker/runner.rb:6:in `run'
	from ./bin/webpack:17:in `block in <main>'
	from ./bin/webpack:16:in `chdir'
	from ./bin/webpack:16:in `<main>'

  Rendered layout layouts/application.html.erb (Duration: 1503.2ms | Allocations: 4727)
Completed 200 OK in 1505ms (Views: 1504.0ms | ActiveRecord: 0.0ms | Allocations: 5398)


Started GET "/" for 127.0.0.1 at 2021-06-11 15:25:39 +0200
Processing by HomepageController#index as HTML
  Rendering layout layouts/application.html.erb
  Rendering homepage/index.html.erb within layouts/application
  Rendered homepage/index.html.erb within layouts/application (Duration: 0.0ms | Allocations: 4)
[Webpacker] Everything's up-to-date. Nothing to do
  Rendered layout layouts/application.html.erb (Duration: 6.2ms | Allocations: 3443)
Completed 200 OK in 8ms (Views: 7.1ms | ActiveRecord: 0.0ms | Allocations: 3990)


Started GET "/" for 127.0.0.1 at 2021-06-11 15:25:40 +0200
Processing by HomepageController#index as HTML
  Rendering layout layouts/application.html.erb
  Rendering homepage/index.html.erb within layouts/application
  Rendered homepage/index.html.erb within layouts/application (Duration: 0.0ms | Allocations: 4)
[Webpacker] Everything's up-to-date. Nothing to do
  Rendered layout layouts/application.html.erb (Duration: 6.3ms | Allocations: 3435)
Completed 200 OK in 8ms (Views: 6.9ms | ActiveRecord: 0.0ms | Allocations: 3972)


Started GET "/" for 127.0.0.1 at 2021-06-11 15:25:51 +0200
Processing by HomepageController#index as HTML
  Rendering layout layouts/application.html.erb
  Rendering homepage/index.html.erb within layouts/application
  Rendered homepage/index.html.erb within layouts/application (Duration: 1.2ms | Allocations: 292)
[Webpacker] Everything's up-to-date. Nothing to do
  Rendered layout layouts/application.html.erb (Duration: 42.6ms | Allocations: 6569)
Completed 200 OK in 56ms (Views: 47.1ms | ActiveRecord: 0.0ms | Allocations: 10333)


Started GET "/" for 127.0.0.1 at 2021-06-11 15:25:53 +0200
Processing by HomepageController#index as HTML
  Rendering layout layouts/application.html.erb
  Rendering homepage/index.html.erb within layouts/application
  Rendered homepage/index.html.erb within layouts/application (Duration: 0.0ms | Allocations: 6)
[Webpacker] Everything's up-to-date. Nothing to do
  Rendered layout layouts/application.html.erb (Duration: 5.6ms | Allocations: 3570)
Completed 200 OK in 7ms (Views: 6.0ms | ActiveRecord: 0.0ms | Allocations: 4223)


Started GET "/" for 127.0.0.1 at 2021-06-11 15:26:07 +0200
Processing by HomepageController#index as HTML
  Rendering layout layouts/application.html.erb
  Rendering homepage/index.html.erb within layouts/application
  Rendered homepage/index.html.erb within layouts/application (Duration: 0.0ms | Allocations: 4)
[Webpacker] Everything's up-to-date. Nothing to do
  Rendered layout layouts/application.html.erb (Duration: 6.2ms | Allocations: 3435)
Completed 200 OK in 7ms (Views: 6.6ms | ActiveRecord: 0.0ms | Allocations: 3985)


Started GET "/" for 127.0.0.1 at 2021-06-11 15:26:14 +0200
Processing by HomepageController#index as HTML
  Rendering layout layouts/application.html.erb
  Rendering homepage/index.html.erb within layouts/application
  Rendered homepage/index.html.erb within layouts/application (Duration: 0.0ms | Allocations: 4)
[Webpacker] Everything's up-to-date. Nothing to do
  Rendered layout layouts/application.html.erb (Duration: 7.0ms | Allocations: 3435)
Completed 200 OK in 9ms (Views: 7.7ms | ActiveRecord: 0.0ms | Allocations: 3968)


Started GET "/" for 127.0.0.1 at 2021-06-11 15:26:25 +0200
Processing by HomepageController#index as HTML
  Rendering layout layouts/application.html.erb
  Rendering homepage/index.html.erb within layouts/application
  Rendered homepage/index.html.erb within layouts/application (Duration: 0.1ms | Allocations: 4)
[Webpacker] Everything's up-to-date. Nothing to do
  Rendered layout layouts/application.html.erb (Duration: 6.1ms | Allocations: 3433)
Completed 200 OK in 7ms (Views: 6.6ms | ActiveRecord: 0.0ms | Allocations: 3963)


Started GET "/" for 127.0.0.1 at 2021-06-11 15:26:26 +0200
Processing by HomepageController#index as HTML
  Rendering layout layouts/application.html.erb
  Rendering homepage/index.html.erb within layouts/application
  Rendered homepage/index.html.erb within layouts/application (Duration: 0.0ms | Allocations: 4)
[Webpacker] Everything's up-to-date. Nothing to do
  Rendered layout layouts/application.html.erb (Duration: 5.7ms | Allocations: 3433)
Completed 200 OK in 7ms (Views: 6.1ms | ActiveRecord: 0.0ms | Allocations: 3965)


Started GET "/" for 127.0.0.1 at 2021-06-11 15:26:27 +0200
Processing by HomepageController#index as HTML
  Rendering layout layouts/application.html.erb
  Rendering homepage/index.html.erb within layouts/application
  Rendered homepage/index.html.erb within layouts/application (Duration: 0.0ms | Allocations: 4)
[Webpacker] Everything's up-to-date. Nothing to do
  Rendered layout layouts/application.html.erb (Duration: 5.4ms | Allocations: 3434)
Completed 200 OK in 6ms (Views: 5.8ms | ActiveRecord: 0.0ms | Allocations: 3966)


Started GET "/" for 127.0.0.1 at 2021-06-11 15:26:50 +0200
Processing by HomepageController#index as HTML
  Rendering layout layouts/application.html.erb
  Rendering homepage/index.html.erb within layouts/application
  Rendered homepage/index.html.erb within layouts/application (Duration: 1.2ms | Allocations: 292)
[Webpacker] Everything's up-to-date. Nothing to do
  Rendered layout layouts/application.html.erb (Duration: 12.1ms | Allocations: 6569)
Completed 200 OK in 24ms (Views: 15.8ms | ActiveRecord: 0.0ms | Allocations: 10335)


